\BOOKMARK [1][-]{section.1}{\376\377\000I\000n\000t\000r\000o\000d\000u\000c\000c\000i\000\363\000n}{}% 1
\BOOKMARK [1][-]{section.2}{\376\377\000D\000e\000f\000i\000n\000i\000c\000i\000\363\000n\000\040\000d\000e\000l\000\040\000P\000r\000o\000b\000l\000e\000m\000a}{}% 2
\BOOKMARK [1][-]{section.3}{\376\377\000E\000s\000t\000a\000d\000o\000\040\000d\000e\000l\000\040\000A\000r\000t\000e}{}% 3
\BOOKMARK [1][-]{section.4}{\376\377\000M\000o\000d\000e\000l\000o\000\040\000M\000a\000t\000e\000m\000\341\000t\000i\000c\000o}{}% 4
\BOOKMARK [2][-]{subsection.4.1}{\376\377\000C\000o\000n\000j\000u\000n\000t\000o\000s\000\040\000y\000\040\000P\000a\000r\000\341\000m\000e\000t\000r\000o\000s}{section.4}% 5
\BOOKMARK [2][-]{subsection.4.2}{\376\377\000V\000a\000r\000i\000a\000b\000l\000e\000s\000\040\000d\000e\000\040\000D\000e\000c\000i\000s\000i\000\363\000n}{section.4}% 6
\BOOKMARK [2][-]{subsection.4.3}{\376\377\000F\000o\000r\000m\000u\000l\000a\000c\000i\000\363\000n}{section.4}% 7
\BOOKMARK [1][-]{section.5}{\376\377\000R\000e\000p\000r\000e\000s\000e\000n\000t\000a\000c\000i\000\363\000n\000\040\000d\000e\000\040\000l\000a\000\040\000S\000o\000l\000u\000c\000i\000\363\000n}{}% 8
\BOOKMARK [1][-]{section.6}{\376\377\000D\000e\000s\000c\000r\000i\000p\000c\000i\000\363\000n\000\040\000d\000e\000l\000\040\000A\000l\000g\000o\000r\000i\000t\000m\000o}{}% 9
\BOOKMARK [2][-]{subsection.6.1}{\376\377\000F\000a\000s\000e\000\040\0001\000:\000\040\000I\000n\000i\000c\000i\000a\000l\000i\000z\000a\000c\000i\000\363\000n\000\040\000\050\000G\000r\000e\000e\000d\000y\000\040\000R\000o\000b\000u\000s\000t\000o\000\051}{section.6}% 10
\BOOKMARK [2][-]{subsection.6.2}{\376\377\000F\000a\000s\000e\000\040\0002\000:\000\040\000F\000u\000n\000c\000i\000\363\000n\000\040\000d\000e\000\040\000E\000v\000a\000l\000u\000a\000c\000i\000\363\000n\000\040\000\050\000E\000n\000e\000r\000g\000\355\000a\000\051}{section.6}% 11
\BOOKMARK [2][-]{subsection.6.3}{\376\377\000O\000p\000e\000r\000a\000d\000o\000r\000e\000s\000\040\000d\000e\000\040\000V\000a\000r\000i\000a\000c\000i\000\363\000n}{section.6}% 12
\BOOKMARK [3][-]{subsubsection.6.3.1}{\376\377\000M\000o\000v\000i\000m\000i\000e\000n\000t\000o\000\040\000I\000n\000t\000r\000a\000-\000R\000u\000t\000a\000:\000\040\0002\000-\000O\000p\000t\000\040\000\050\000I\000n\000t\000e\000n\000s\000i\000f\000i\000c\000a\000c\000i\000\363\000n\000\051}{subsection.6.3}% 13
\BOOKMARK [3][-]{subsubsection.6.3.2}{\376\377\000M\000o\000v\000i\000m\000i\000e\000n\000t\000o\000\040\000I\000n\000t\000e\000r\000-\000R\000u\000t\000a\000:\000\040\000S\000h\000i\000f\000t\000\040\000G\000e\000n\000e\000r\000a\000l\000i\000z\000a\000d\000o\000\040\000\050\000D\000i\000v\000e\000r\000s\000i\000f\000i\000c\000a\000c\000i\000\363\000n\000\051}{subsection.6.3}% 14
\BOOKMARK [2][-]{subsection.6.4}{\376\377\000C\000o\000h\000e\000r\000e\000n\000c\000i\000a\000\040\000d\000e\000l\000\040\000A\000l\000g\000o\000r\000i\000t\000m\000o}{section.6}% 15
\BOOKMARK [1][-]{section.7}{\376\377\000D\000i\000s\000e\000\361\000o\000\040\000d\000e\000\040\000E\000x\000p\000e\000r\000i\000m\000e\000n\000t\000o\000s}{}% 16
\BOOKMARK [2][-]{subsection.7.1}{\376\377\000O\000b\000j\000e\000t\000i\000v\000o\000s\000\040\000d\000e\000l\000\040\000E\000x\000p\000e\000r\000i\000m\000e\000n\000t\000o}{section.7}% 17
\BOOKMARK [2][-]{subsection.7.2}{\376\377\000I\000n\000s\000t\000a\000n\000c\000i\000a\000s\000\040\000d\000e\000\040\000P\000r\000u\000e\000b\000a}{section.7}% 18
\BOOKMARK [2][-]{subsection.7.3}{\376\377\000I\000m\000p\000l\000e\000m\000e\000n\000t\000a\000c\000i\000\363\000n\000\040\000y\000\040\000E\000n\000t\000o\000r\000n\000o\000\040\000d\000e\000\040\000E\000j\000e\000c\000u\000c\000i\000\363\000n}{section.7}% 19
\BOOKMARK [3][-]{subsubsection.7.3.1}{\376\377\000O\000r\000g\000a\000n\000i\000z\000a\000c\000i\000\363\000n\000\040\000d\000e\000l\000\040\000P\000r\000o\000y\000e\000c\000t\000o}{subsection.7.3}% 20
\BOOKMARK [3][-]{subsubsection.7.3.2}{\376\377\000C\000o\000m\000p\000i\000l\000a\000c\000i\000\363\000n\000\040\000y\000\040\000E\000j\000e\000c\000u\000c\000i\000\363\000n}{subsection.7.3}% 21
\BOOKMARK [1][-]{section.8}{\376\377\000R\000e\000s\000u\000l\000t\000a\000d\000o\000s\000\040\000y\000\040\000A\000n\000\341\000l\000i\000s\000i\000s}{}% 22
\BOOKMARK [2][-]{subsection.8.1}{\376\377\000C\000o\000n\000v\000e\000r\000g\000e\000n\000c\000i\000a}{section.8}% 23
\BOOKMARK [2][-]{subsection.8.2}{\376\377\000A\000n\000\341\000l\000i\000s\000i\000s\000\040\000d\000e\000\040\000F\000a\000c\000t\000i\000b\000i\000l\000i\000d\000a\000d\000\040\000y\000\040\000C\000a\000l\000i\000d\000a\000d}{section.8}% 24
\BOOKMARK [1][-]{section.9}{\376\377\000C\000o\000n\000c\000l\000u\000s\000i\000o\000n\000e\000s}{}% 25
